<?xml version="1.0" encoding="UTF-8"?>
<testng-results skipped="0" failed="0" ignored="0" total="1" passed="1">
  <reporter-output>
  </reporter-output>
  <suite name="WalletHubTestSuite" duration-ms="48369" started-at="2021-07-25T22:37:34 IST" finished-at="2021-07-25T22:38:22 IST">
    <groups>
    </groups>
    <test name="Assignment" duration-ms="48369" started-at="2021-07-25T22:37:34 IST" finished-at="2021-07-25T22:38:22 IST">
      <class name="com.wallethub.testcases.WalletHubReviewVerification">
        <test-method status="PASS" signature="getDriver()[pri:0, instance:com.wallethub.testcases.WalletHubReviewVerification@e45f292]" name="getDriver" is-config="true" duration-ms="4131" started-at="2021-07-25T22:37:30 IST" finished-at="2021-07-25T22:37:34 IST">
          <reporter-output>
          </reporter-output>
        </test-method> <!-- getDriver -->
        <test-method status="PASS" signature="postStatus()[pri:0, instance:com.wallethub.testcases.WalletHubReviewVerification@e45f292]" name="postStatus" duration-ms="48299" started-at="2021-07-25T22:37:34 IST" finished-at="2021-07-25T22:38:22 IST">
          <reporter-output>
          </reporter-output>
        </test-method> <!-- postStatus -->
        <test-method status="PASS" signature="quitBrowser()[pri:0, instance:com.wallethub.testcases.WalletHubReviewVerification@e45f292]" name="quitBrowser" is-config="true" duration-ms="1" started-at="2021-07-25T22:38:22 IST" finished-at="2021-07-25T22:38:22 IST">
          <reporter-output>
          </reporter-output>
        </test-method> <!-- quitBrowser -->
      </class> <!-- com.wallethub.testcases.WalletHubReviewVerification -->
    </test> <!-- Assignment -->
  </suite> <!-- WalletHubTestSuite -->
</testng-results>
